{
  message: 'E11000 duplicate key error collection: vmoprj.projectType index: projectType_1 dup key: { projectType: "OS1" }',
  level: 'error',
  timestamp: '2021-01-24 12:04:16'
}
{
  message: '"customer" is not allowed to be empty',
  level: 'error',
  timestamp: '2021-01-25 14:45:06'
}
{
  message: 'customer validation failed: customer: Path `customer` is required.',
  level: 'error',
  timestamp: '2021-01-25 14:55:28'
}
{
  message: 'Cast to Boolean failed for value "false111" at path "active"',
  level: 'error',
  timestamp: '2021-01-25 15:07:16'
}
{
  message: 'E11000 duplicate key error collection: vmoprj.customer index: customer_1 dup key: { customer: "customer1" }',
  level: 'error',
  timestamp: '2021-01-25 15:08:45'
}
{
  message: 'E11000 duplicate key error collection: vmoprj.customer index: customer_1 dup key: { customer: "customer1" }',
  level: 'error',
  timestamp: '2021-01-25 15:15:46'
}
